<?xml version="1.0" encoding="UTF-8"?>
<testsuites>
  <testsuite name="Test" tests="30" assertions="55" errors="0" warnings="0" failures="0" skipped="0" time="0.013905">
    <testsuite name="Tests\ContainerArrayAccessTest" file="/Users/jfontes/Sites/container/tests/ContainerArrayAccessTest.php" tests="4" assertions="12" errors="0" warnings="0" failures="0" skipped="0" time="0.005833">
      <testcase name="can_use_offset_set" class="Tests\ContainerArrayAccessTest" classname="Tests.ContainerArrayAccessTest" file="/Users/jfontes/Sites/container/tests/ContainerArrayAccessTest.php" line="14" assertions="5" time="0.005266"/>
      <testcase name="can_use_offset_get" class="Tests\ContainerArrayAccessTest" classname="Tests.ContainerArrayAccessTest" file="/Users/jfontes/Sites/container/tests/ContainerArrayAccessTest.php" line="30" assertions="2" time="0.000192"/>
      <testcase name="can_use_offset_exists" class="Tests\ContainerArrayAccessTest" classname="Tests.ContainerArrayAccessTest" file="/Users/jfontes/Sites/container/tests/ContainerArrayAccessTest.php" line="43" assertions="2" time="0.000243"/>
      <testcase name="can_use_offset_unset" class="Tests\ContainerArrayAccessTest" classname="Tests.ContainerArrayAccessTest" file="/Users/jfontes/Sites/container/tests/ContainerArrayAccessTest.php" line="57" assertions="3" time="0.000132"/>
    </testsuite>
    <testsuite name="Tests\ContainerTest" file="/Users/jfontes/Sites/container/tests/ContainerTest.php" tests="13" assertions="17" errors="0" warnings="0" failures="0" skipped="0" time="0.003198">
      <testcase name="can_create_container" class="Tests\ContainerTest" classname="Tests.ContainerTest" file="/Users/jfontes/Sites/container/tests/ContainerTest.php" line="15" assertions="1" time="0.000241"/>
      <testcase name="can_get_value_from_container" class="Tests\ContainerTest" classname="Tests.ContainerTest" file="/Users/jfontes/Sites/container/tests/ContainerTest.php" line="24" assertions="1" time="0.000137"/>
      <testcase name="can_check_if_entry_exist_on_container" class="Tests\ContainerTest" classname="Tests.ContainerTest" file="/Users/jfontes/Sites/container/tests/ContainerTest.php" line="33" assertions="2" time="0.000128"/>
      <testcase name="must_throw_exception_when_try_get_entry_dont_exists" class="Tests\ContainerTest" classname="Tests.ContainerTest" file="/Users/jfontes/Sites/container/tests/ContainerTest.php" line="43" assertions="1" time="0.001326"/>
      <testcase name="can_bind_dependency" class="Tests\ContainerTest" classname="Tests.ContainerTest" file="/Users/jfontes/Sites/container/tests/ContainerTest.php" line="53" assertions="1" time="0.000147"/>
      <testcase name="can_get_different_value_from_container" class="Tests\ContainerTest" classname="Tests.ContainerTest" file="/Users/jfontes/Sites/container/tests/ContainerTest.php" line="67" assertions="1" time="0.000163"/>
      <testcase name="can_get_container_from_factory" class="Tests\ContainerTest" classname="Tests.ContainerTest" file="/Users/jfontes/Sites/container/tests/ContainerTest.php" line="79" assertions="1" time="0.000146"/>
      <testcase name="i_have_set_method_alias_for_factory" class="Tests\ContainerTest" classname="Tests.ContainerTest" file="/Users/jfontes/Sites/container/tests/ContainerTest.php" line="97" assertions="1" time="0.000155"/>
      <testcase name="can_share_same_binding_and_can_check_if_exists" class="Tests\ContainerTest" classname="Tests.ContainerTest" file="/Users/jfontes/Sites/container/tests/ContainerTest.php" line="109" assertions="1" time="0.000128"/>
      <testcase name="can_get_instance_from_share_binding" class="Tests\ContainerTest" classname="Tests.ContainerTest" file="/Users/jfontes/Sites/container/tests/ContainerTest.php" line="121" assertions="1" time="0.000138"/>
      <testcase name="when_resolve_from_share_binding_it_return_same_value" class="Tests\ContainerTest" classname="Tests.ContainerTest" file="/Users/jfontes/Sites/container/tests/ContainerTest.php" line="133" assertions="1" time="0.000216"/>
      <testcase name="can_get_instance_of_container" class="Tests\ContainerTest" classname="Tests.ContainerTest" file="/Users/jfontes/Sites/container/tests/ContainerTest.php" line="145" assertions="2" time="0.000138"/>
      <testcase name="can_set_direct_value_rather_than_callback" class="Tests\ContainerTest" classname="Tests.ContainerTest" file="/Users/jfontes/Sites/container/tests/ContainerTest.php" line="157" assertions="3" time="0.000135"/>
    </testsuite>
    <testsuite name="Tests\MakeMethodTest" file="/Users/jfontes/Sites/container/tests/MakeMethodTest.php" tests="5" assertions="11" errors="0" warnings="0" failures="0" skipped="0" time="0.002404">
      <testcase name="make_accepted_only_entry_name" class="Tests\MakeMethodTest" classname="Tests.MakeMethodTest" file="/Users/jfontes/Sites/container/tests/MakeMethodTest.php" line="20" assertions="2" time="0.000125"/>
      <testcase name="make_it_can_resolve_class" class="Tests\MakeMethodTest" classname="Tests.MakeMethodTest" file="/Users/jfontes/Sites/container/tests/MakeMethodTest.php" line="34" assertions="2" time="0.000784"/>
      <testcase name="can_resolve_argument_of_class_by_container" class="Tests\MakeMethodTest" classname="Tests.MakeMethodTest" file="/Users/jfontes/Sites/container/tests/MakeMethodTest.php" line="46" assertions="2" time="0.000482"/>
      <testcase name="pass_argument_to_be_resolve_by_array" class="Tests\MakeMethodTest" classname="Tests.MakeMethodTest" file="/Users/jfontes/Sites/container/tests/MakeMethodTest.php" line="59" assertions="3" time="0.000207"/>
      <testcase name="cannot_call_make_on_share_entry" class="Tests\MakeMethodTest" classname="Tests.MakeMethodTest" file="/Users/jfontes/Sites/container/tests/MakeMethodTest.php" line="72" assertions="2" time="0.000806"/>
    </testsuite>
    <testsuite name="Tests\ResolveConstructionTest" file="/Users/jfontes/Sites/container/tests/ResolveConstructionTest.php" tests="8" assertions="15" errors="0" warnings="0" failures="0" skipped="0" time="0.002471">
      <testcase name="can_resolve_class_from_qualified_name_concrete" class="Tests\ResolveConstructionTest" classname="Tests.ResolveConstructionTest" file="/Users/jfontes/Sites/container/tests/ResolveConstructionTest.php" line="21" assertions="1" time="0.000140"/>
      <testcase name="can_resolve_construction_for_class" class="Tests\ResolveConstructionTest" classname="Tests.ResolveConstructionTest" file="/Users/jfontes/Sites/container/tests/ResolveConstructionTest.php" line="34" assertions="1" time="0.000826"/>
      <testcase name="can_resolve_by_var_name_from_container" class="Tests\ResolveConstructionTest" classname="Tests.ResolveConstructionTest" file="/Users/jfontes/Sites/container/tests/ResolveConstructionTest.php" line="47" assertions="2" time="0.000155"/>
      <testcase name="can_resolve_to_null_if_cant_resolve_from_container" class="Tests\ResolveConstructionTest" classname="Tests.ResolveConstructionTest" file="/Users/jfontes/Sites/container/tests/ResolveConstructionTest.php" line="61" assertions="2" time="0.000453"/>
      <testcase name="if_param_is_nullable_but_we_have_value_from_container" class="Tests\ResolveConstructionTest" classname="Tests.ResolveConstructionTest" file="/Users/jfontes/Sites/container/tests/ResolveConstructionTest.php" line="74" assertions="2" time="0.000143"/>
      <testcase name="can_resolve_from_container_without_builtin_type" class="Tests\ResolveConstructionTest" classname="Tests.ResolveConstructionTest" file="/Users/jfontes/Sites/container/tests/ResolveConstructionTest.php" line="88" assertions="2" time="0.000472"/>
      <testcase name="can_resolve_class_from_container_if_dont_have_argument_from_constructor" class="Tests\ResolveConstructionTest" classname="Tests.ResolveConstructionTest" file="/Users/jfontes/Sites/container/tests/ResolveConstructionTest.php" line="102" assertions="1" time="0.000132"/>
      <testcase name="can_resolve_buitin_type_of_factory" class="Tests\ResolveConstructionTest" classname="Tests.ResolveConstructionTest" file="/Users/jfontes/Sites/container/tests/ResolveConstructionTest.php" line="114" assertions="4" time="0.000150"/>
    </testsuite>
  </testsuite>
</testsuites>
